[ 2017-01-13T09:48:36+08:00 ] 127.0.0.1 /
INFO: [ app_init ] --START--
INFO: Run Behavior\BuildLiteBehavior [ RunTime:0.001000s ]
INFO: [ app_init ] --END-- [ RunTime:0.004000s ]
INFO: [ app_begin ] --START--
INFO: Run Behavior\ReadHtmlCacheBehavior [ RunTime:0.002000s ]
INFO: [ app_begin ] --END-- [ RunTime:0.002000s ]
SQL: SHOW COLUMNS FROM `setting` [ RunTime:0.0100s ]
SQL: SELECT * FROM `setting` LIMIT 1   [ RunTime:0.0010s ]
INFO: [ view_parse ] --START--
INFO: [ template_filter ] --START--
INFO: Run Behavior\ContentReplaceBehavior [ RunTime:0.001000s ]
INFO: [ template_filter ] --END-- [ RunTime:0.001000s ]
INFO: Run Behavior\ParseTemplateBehavior [ RunTime:0.048003s ]
INFO: [ view_parse ] --END-- [ RunTime:0.049003s ]
INFO: [ view_filter ] --START--
INFO: Run Behavior\WriteHtmlCacheBehavior [ RunTime:0.001000s ]
INFO: [ view_filter ] --END-- [ RunTime:0.003000s ]
INFO: [ app_end ] --START--
INFO: Run Behavior\ShowPageTraceBehavior [ RunTime:0.002000s ]
INFO: [ app_end ] --END-- [ RunTime:0.003000s ]

[ 2017-01-13T09:48:36+08:00 ] 127.0.0.1 /Home/Index/get_home_data
INFO: [ app_init ] --START--
INFO: Run Behavior\BuildLiteBehavior [ RunTime:0.000000s ]
INFO: [ app_init ] --END-- [ RunTime:0.003000s ]
INFO: [ app_begin ] --START--
INFO: Run Behavior\ReadHtmlCacheBehavior [ RunTime:0.001000s ]
INFO: [ app_begin ] --END-- [ RunTime:0.003000s ]
SQL: SELECT * FROM `setting` LIMIT 1   [ RunTime:0.0010s ]
SQL: SHOW COLUMNS FROM `banner` [ RunTime:0.0060s ]
SQL: SELECT * FROM `banner` ORDER BY sort asc  [ RunTime:0.0010s ]
SQL: select a.* from product as a right join  home_goods as b on a.id=b.pid order by b.sort limit 8 [ RunTime:0.0040s ]
SQL: SHOW COLUMNS FROM `factory` [ RunTime:0.0070s ]
SQL: SELECT * FROM `factory` LIMIT 0,8   [ RunTime:0.0010s ]
SQL: SELECT * FROM `setting`  [ RunTime:0.0010s ]

