[ 2017-02-15T00:46:56+08:00 ] 101.226.68.215 //system_css.php?styles%252525252525253Dcommon
INFO: [ app_init ] --START--
INFO: Run Behavior\BuildLiteBehavior [ RunTime:0.000189s ]
INFO: [ app_init ] --END-- [ RunTime:0.001528s ]
ERR: 无法加载模块:System_css

[ 2017-02-15T00:47:05+08:00 ] 101.226.66.177 //system_css.php?styles%252525252525253Dcommon
INFO: [ app_init ] --START--
INFO: Run Behavior\BuildLiteBehavior [ RunTime:0.000190s ]
INFO: [ app_init ] --END-- [ RunTime:0.001422s ]
ERR: 无法加载模块:System_css

[ 2017-02-15T00:55:34+08:00 ] 123.126.113.80 /robots.txt
INFO: [ app_init ] --START--
INFO: Run Behavior\BuildLiteBehavior [ RunTime:0.000216s ]
INFO: [ app_init ] --END-- [ RunTime:0.001676s ]
ERR: 无法加载模块:Robots

[ 2017-02-15T01:02:36+08:00 ] 123.125.71.91 /robots.txt
INFO: [ app_init ] --START--
INFO: Run Behavior\BuildLiteBehavior [ RunTime:0.000182s ]
INFO: [ app_init ] --END-- [ RunTime:0.001538s ]
ERR: 无法加载模块:Robots

[ 2017-02-15T01:04:09+08:00 ] 183.57.53.177 //1.html?%2525252525252525201%252525252525253D2And%2525252525252525203%252525252525253D
INFO: [ app_init ] --START--
INFO: Run Behavior\BuildLiteBehavior [ RunTime:0.000213s ]
INFO: [ app_init ] --END-- [ RunTime:0.001571s ]
ERR: 无法加载模块:1

[ 2017-02-15T01:04:18+08:00 ] 101.226.66.172 //1.html?%2525252525252525201%252525252525253D2And%2525252525252525203%252525252525253D
INFO: [ app_init ] --START--
INFO: Run Behavior\BuildLiteBehavior [ RunTime:0.000187s ]
INFO: [ app_init ] --END-- [ RunTime:0.001437s ]
ERR: 无法加载模块:1

[ 2017-02-15T01:04:18+08:00 ] 101.226.33.238 //1.html?%2525252525252525201%252525252525253D2And%2525252525252525203%252525252525253D
INFO: [ app_init ] --START--
INFO: Run Behavior\BuildLiteBehavior [ RunTime:0.000223s ]
INFO: [ app_init ] --END-- [ RunTime:0.001474s ]
ERR: 无法加载模块:1

[ 2017-02-15T01:04:18+08:00 ] 180.153.206.21 //1.html?%2525252525252525201%252525252525253D2And%2525252525252525203%252525252525253D
INFO: [ app_init ] --START--
INFO: Run Behavior\BuildLiteBehavior [ RunTime:0.000197s ]
INFO: [ app_init ] --END-- [ RunTime:0.001468s ]
ERR: 无法加载模块:1

[ 2017-02-15T01:04:19+08:00 ] 101.226.33.226 //1.html?%2525252525252525201%252525252525253D2And%2525252525252525203%252525252525253D
INFO: [ app_init ] --START--
INFO: Run Behavior\BuildLiteBehavior [ RunTime:0.000190s ]
INFO: [ app_init ] --END-- [ RunTime:0.001564s ]
ERR: 无法加载模块:1

[ 2017-02-15T01:11:27+08:00 ] 106.120.173.81 /user/
INFO: [ app_init ] --START--
INFO: Run Behavior\BuildLiteBehavior [ RunTime:0.000223s ]
INFO: [ app_init ] --END-- [ RunTime:0.001636s ]
ERR: 无法加载模块:User

[ 2017-02-15T01:11:27+08:00 ] 106.120.173.81 /robots.txt
INFO: [ app_init ] --START--
INFO: Run Behavior\BuildLiteBehavior [ RunTime:0.000208s ]
INFO: [ app_init ] --END-- [ RunTime:0.001565s ]
ERR: 无法加载模块:Robots

[ 2017-02-15T01:11:36+08:00 ] 106.120.173.81 /User/User_Transfer.asp
INFO: [ app_init ] --START--
INFO: Run Behavior\BuildLiteBehavior [ RunTime:0.000300s ]
INFO: [ app_init ] --END-- [ RunTime:0.001652s ]
ERR: 无法加载模块:User

[ 2017-02-15T01:14:49+08:00 ] 139.162.88.63 http://clientapi.ipip.net/echo.php?info=1234567890
INFO: [ app_init ] --START--
INFO: Run Behavior\BuildLiteBehavior [ RunTime:0.000197s ]
INFO: [ app_init ] --END-- [ RunTime:0.001701s ]
ERR: 无法加载模块:Echo

[ 2017-02-15T01:46:14+08:00 ] 220.181.51.115 /robots.txt
INFO: [ app_init ] --START--
INFO: Run Behavior\BuildLiteBehavior [ RunTime:0.000191s ]
INFO: [ app_init ] --END-- [ RunTime:0.001463s ]
ERR: 无法加载模块:Robots

[ 2017-02-15T01:56:01+08:00 ] 183.66.20.186 /phpmyadmin
INFO: [ app_init ] --START--
INFO: Run Behavior\BuildLiteBehavior [ RunTime:0.000196s ]
INFO: [ app_init ] --END-- [ RunTime:0.001682s ]
ERR: 无法加载模块:Phpmyadmin

[ 2017-02-15T02:39:10+08:00 ] 119.57.158.71 /robots.txt
INFO: [ app_init ] --START--
INFO: Run Behavior\BuildLiteBehavior [ RunTime:0.000187s ]
INFO: [ app_init ] --END-- [ RunTime:0.001555s ]
ERR: 无法加载模块:Robots

[ 2017-02-15T03:32:36+08:00 ] 218.206.207.106 /manager/html
INFO: [ app_init ] --START--
INFO: Run Behavior\BuildLiteBehavior [ RunTime:0.000195s ]
INFO: [ app_init ] --END-- [ RunTime:0.001542s ]
ERR: 无法加载模块:Manager

[ 2017-02-15T03:36:06+08:00 ] 101.226.64.174 //system_css.php?styles%25252525252525253Dcommon
INFO: [ app_init ] --START--
INFO: Run Behavior\BuildLiteBehavior [ RunTime:0.000187s ]
INFO: [ app_init ] --END-- [ RunTime:0.001527s ]
ERR: 无法加载模块:System_css

[ 2017-02-15T03:36:15+08:00 ] 101.226.125.111 //system_css.php?styles%25252525252525253Dcommon
INFO: [ app_init ] --START--
INFO: Run Behavior\BuildLiteBehavior [ RunTime:0.000191s ]
INFO: [ app_init ] --END-- [ RunTime:0.001412s ]
ERR: 无法加载模块:System_css

[ 2017-02-15T03:48:33+08:00 ] 101.226.66.174 //1.html?%252525252525252525201%25252525252525253D2And%252525252525252525203%25252525252525253D
INFO: [ app_init ] --START--
INFO: Run Behavior\BuildLiteBehavior [ RunTime:0.000201s ]
INFO: [ app_init ] --END-- [ RunTime:0.001643s ]
ERR: 无法加载模块:1

[ 2017-02-15T04:02:20+08:00 ] 219.133.49.231 http://10.177.152.217/proxy.html
INFO: [ app_init ] --START--
INFO: Run Behavior\BuildLiteBehavior [ RunTime:0.000188s ]
INFO: [ app_init ] --END-- [ RunTime:0.001495s ]
ERR: 无法加载模块:Proxy

[ 2017-02-15T04:41:51+08:00 ] 101.226.66.191 /phpmyadmin
INFO: [ app_init ] --START--
INFO: Run Behavior\BuildLiteBehavior [ RunTime:0.000190s ]
INFO: [ app_init ] --END-- [ RunTime:0.001469s ]
ERR: 无法加载模块:Phpmyadmin

[ 2017-02-15T05:57:08+08:00 ] 101.226.68.215 //akcms_inc.php?i%2525253D28
INFO: [ app_init ] --START--
INFO: Run Behavior\BuildLiteBehavior [ RunTime:0.000192s ]
INFO: [ app_init ] --END-- [ RunTime:0.001642s ]
ERR: 无法加载模块:Akcms_inc

[ 2017-02-15T05:57:17+08:00 ] 101.226.68.197 //akcms_inc.php?i%2525253D28
INFO: [ app_init ] --START--
INFO: Run Behavior\BuildLiteBehavior [ RunTime:0.000188s ]
INFO: [ app_init ] --END-- [ RunTime:0.001476s ]
ERR: 无法加载模块:Akcms_inc

[ 2017-02-15T06:29:43+08:00 ] 180.163.2.118 //system_css.php?styles%2525252525252525253Dcommon
INFO: [ app_init ] --START--
INFO: Run Behavior\BuildLiteBehavior [ RunTime:0.000188s ]
INFO: [ app_init ] --END-- [ RunTime:0.001539s ]
ERR: 无法加载模块:System_css

[ 2017-02-15T06:40:35+08:00 ] 101.226.33.238 /manager/html
INFO: [ app_init ] --START--
INFO: Run Behavior\BuildLiteBehavior [ RunTime:0.000222s ]
INFO: [ app_init ] --END-- [ RunTime:0.001520s ]
ERR: 无法加载模块:Manager

[ 2017-02-15T06:44:15+08:00 ] 112.90.82.218 //1.html?%25252525252525252525201%2525252525252525253D2And%25252525252525252525203%2525252525252525253D
INFO: [ app_init ] --START--
INFO: Run Behavior\BuildLiteBehavior [ RunTime:0.000208s ]
INFO: [ app_init ] --END-- [ RunTime:0.001528s ]
ERR: 无法加载模块:1

[ 2017-02-15T06:44:24+08:00 ] 61.151.226.16 //1.html?%25252525252525252525201%2525252525252525253D2And%25252525252525252525203%2525252525252525253D
INFO: [ app_init ] --START--
INFO: Run Behavior\BuildLiteBehavior [ RunTime:0.000209s ]
INFO: [ app_init ] --END-- [ RunTime:0.001460s ]
ERR: 无法加载模块:1

[ 2017-02-15T06:49:13+08:00 ] 183.57.53.196 //notexist_path.404notfound
INFO: [ app_init ] --START--
INFO: Run Behavior\BuildLiteBehavior [ RunTime:0.000193s ]
INFO: [ app_init ] --END-- [ RunTime:0.001438s ]
ERR: 无法加载模块:Notexist_path

[ 2017-02-15T06:59:39+08:00 ] 101.226.66.173 //akcms_inc.php?i%252525253D28
INFO: [ app_init ] --START--
INFO: Run Behavior\BuildLiteBehavior [ RunTime:0.000326s ]
INFO: [ app_init ] --END-- [ RunTime:0.002206s ]
ERR: 无法加载模块:Akcms_inc

[ 2017-02-15T07:10:47+08:00 ] 36.110.147.102 /robots.txt
INFO: [ app_init ] --START--
INFO: Run Behavior\BuildLiteBehavior [ RunTime:0.000298s ]
INFO: [ app_init ] --END-- [ RunTime:0.002190s ]
ERR: 无法加载模块:Robots

[ 2017-02-15T08:37:26+08:00 ] 101.226.89.116 //system_css.php?styles%252525252525252525253Dcommon
INFO: [ app_init ] --START--
INFO: Run Behavior\BuildLiteBehavior [ RunTime:0.000186s ]
INFO: [ app_init ] --END-- [ RunTime:0.001561s ]
ERR: 无法加载模块:System_css

[ 2017-02-15T08:37:37+08:00 ] 120.83.98.231 //system_css.php?styles%252525252525252525253Dcommon
INFO: [ app_init ] --START--
INFO: Run Behavior\BuildLiteBehavior [ RunTime:0.000200s ]
INFO: [ app_init ] --END-- [ RunTime:0.001575s ]
ERR: 无法加载模块:System_css

[ 2017-02-15T09:06:37+08:00 ] 119.147.207.158 //1.html?%2525252525252525252525201%252525252525252525253D2And%2525252525252525252525203%252525252525252525253D
INFO: [ app_init ] --START--
INFO: Run Behavior\BuildLiteBehavior [ RunTime:0.000188s ]
INFO: [ app_init ] --END-- [ RunTime:0.001494s ]
ERR: 无法加载模块:1

[ 2017-02-15T09:06:52+08:00 ] 101.226.51.230 //1.html?%2525252525252525252525201%252525252525252525253D2And%2525252525252525252525203%252525252525252525253D
INFO: [ app_init ] --START--
INFO: Run Behavior\BuildLiteBehavior [ RunTime:0.000192s ]
INFO: [ app_init ] --END-- [ RunTime:0.001485s ]
ERR: 无法加载模块:1

[ 2017-02-15T09:26:14+08:00 ] 101.226.89.116 //wp-login.php
INFO: [ app_init ] --START--
INFO: Run Behavior\BuildLiteBehavior [ RunTime:0.000183s ]
INFO: [ app_init ] --END-- [ RunTime:0.001962s ]
ERR: 无法加载模块:Wp-login

[ 2017-02-15T09:42:02+08:00 ] 101.226.51.230 //akcms_inc.php?i%252525253D28
INFO: [ app_init ] --START--
INFO: Run Behavior\BuildLiteBehavior [ RunTime:0.000190s ]
INFO: [ app_init ] --END-- [ RunTime:0.001544s ]
ERR: 无法加载模块:Akcms_inc

[ 2017-02-15T09:42:04+08:00 ] 101.226.33.237 //akcms_inc.php?i%252525253D28
INFO: [ app_init ] --START--
INFO: Run Behavior\BuildLiteBehavior [ RunTime:0.000262s ]
INFO: [ app_init ] --END-- [ RunTime:0.001803s ]
ERR: 无法加载模块:Akcms_inc

[ 2017-02-15T09:42:42+08:00 ] 180.153.206.16 //akcms_inc.php?i%252525253D28
INFO: [ app_init ] --START--
INFO: Run Behavior\BuildLiteBehavior [ RunTime:0.000216s ]
INFO: [ app_init ] --END-- [ RunTime:0.001583s ]
ERR: 无法加载模块:Akcms_inc

[ 2017-02-15T10:09:18+08:00 ] 101.226.64.177 //akcms_inc.php?i%25252525253D28
INFO: [ app_init ] --START--
INFO: Run Behavior\BuildLiteBehavior [ RunTime:0.000235s ]
INFO: [ app_init ] --END-- [ RunTime:0.001730s ]
ERR: 无法加载模块:Akcms_inc

[ 2017-02-15T11:04:15+08:00 ] 180.153.214.176 //system_css.php?styles%25252525252525252525253Dcommon
INFO: [ app_init ] --START--
INFO: Run Behavior\BuildLiteBehavior [ RunTime:0.000188s ]
INFO: [ app_init ] --END-- [ RunTime:0.001462s ]
ERR: 无法加载模块:System_css

[ 2017-02-15T11:31:02+08:00 ] 112.192.168.142 /favicon.ico
INFO: [ app_init ] --START--
INFO: Run Behavior\BuildLiteBehavior [ RunTime:0.000197s ]
INFO: [ app_init ] --END-- [ RunTime:0.001614s ]
ERR: 无法加载模块:Favicon

[ 2017-02-15T11:52:42+08:00 ] 112.192.168.142 /favicon.ico
INFO: [ app_init ] --START--
INFO: Run Behavior\BuildLiteBehavior [ RunTime:0.000181s ]
INFO: [ app_init ] --END-- [ RunTime:0.001402s ]
ERR: 无法加载模块:Favicon

[ 2017-02-15T12:30:08+08:00 ] 183.57.53.177 //akcms_inc.php?i%25252525253D28
INFO: [ app_init ] --START--
INFO: Run Behavior\BuildLiteBehavior [ RunTime:0.000180s ]
INFO: [ app_init ] --END-- [ RunTime:0.001566s ]
ERR: 无法加载模块:Akcms_inc

[ 2017-02-15T12:37:19+08:00 ] 66.249.75.1 /robots.txt
INFO: [ app_init ] --START--
INFO: Run Behavior\BuildLiteBehavior [ RunTime:0.000253s ]
INFO: [ app_init ] --END-- [ RunTime:0.001877s ]
ERR: 无法加载模块:Robots

[ 2017-02-15T12:41:55+08:00 ] 101.226.64.174 //1.html?%252525252525252525252525201%25252525252525252525253D2And%252525252525252525252525203%25252525252525252525253D
INFO: [ app_init ] --START--
INFO: Run Behavior\BuildLiteBehavior [ RunTime:0.000216s ]
INFO: [ app_init ] --END-- [ RunTime:0.001555s ]
ERR: 无法加载模块:1

[ 2017-02-15T12:42:12+08:00 ] 101.226.89.122 //1.html?%252525252525252525252525201%25252525252525252525253D2And%252525252525252525252525203%25252525252525252525253D
INFO: [ app_init ] --START--
INFO: Run Behavior\BuildLiteBehavior [ RunTime:0.000178s ]
INFO: [ app_init ] --END-- [ RunTime:0.001526s ]
ERR: 无法加载模块:1

[ 2017-02-15T13:06:05+08:00 ] 112.90.82.218 //akcms_inc.php?i%2525252525253D28
INFO: [ app_init ] --START--
INFO: Run Behavior\BuildLiteBehavior [ RunTime:0.000186s ]
INFO: [ app_init ] --END-- [ RunTime:0.001475s ]
ERR: 无法加载模块:Akcms_inc

[ 2017-02-15T13:06:21+08:00 ] 101.226.89.116 //akcms_inc.php?i%2525252525253D28
INFO: [ app_init ] --START--
INFO: Run Behavior\BuildLiteBehavior [ RunTime:0.000188s ]
INFO: [ app_init ] --END-- [ RunTime:0.001508s ]
ERR: 无法加载模块:Akcms_inc

[ 2017-02-15T13:26:28+08:00 ] 123.125.71.103 /factory.html
INFO: [ app_init ] --START--
INFO: Run Behavior\BuildLiteBehavior [ RunTime:0.000193s ]
INFO: [ app_init ] --END-- [ RunTime:0.001500s ]
ERR: 无法加载模块:Factory

[ 2017-02-15T14:21:47+08:00 ] 101.226.33.208 //system_css.php?styles%2525252525252525252525253Dcommon
INFO: [ app_init ] --START--
INFO: Run Behavior\BuildLiteBehavior [ RunTime:0.000210s ]
INFO: [ app_init ] --END-- [ RunTime:0.001483s ]
ERR: 无法加载模块:System_css

[ 2017-02-15T14:21:59+08:00 ] 123.207.20.38 //system_css.php?styles%2525252525252525252525253Dcommon
INFO: [ app_init ] --START--
INFO: Run Behavior\BuildLiteBehavior [ RunTime:0.000184s ]
INFO: [ app_init ] --END-- [ RunTime:0.001549s ]
ERR: 无法加载模块:System_css

[ 2017-02-15T15:14:53+08:00 ] 66.249.69.245 /robots.txt
INFO: [ app_init ] --START--
INFO: Run Behavior\BuildLiteBehavior [ RunTime:0.000221s ]
INFO: [ app_init ] --END-- [ RunTime:0.001564s ]
ERR: 无法加载模块:Robots

[ 2017-02-15T15:50:39+08:00 ] 221.221.157.142 /phpmyadmin
INFO: [ app_init ] --START--
INFO: Run Behavior\BuildLiteBehavior [ RunTime:0.000183s ]
INFO: [ app_init ] --END-- [ RunTime:0.001480s ]
ERR: 无法加载模块:Phpmyadmin

[ 2017-02-15T16:59:32+08:00 ] 112.90.82.218 //1.html?%25252525252525252525252525201%2525252525252525252525253D2And%25252525252525252525252525203%2525252525252525252525253D
INFO: [ app_init ] --START--
INFO: Run Behavior\BuildLiteBehavior [ RunTime:0.000185s ]
INFO: [ app_init ] --END-- [ RunTime:0.001467s ]
ERR: 无法加载模块:1

[ 2017-02-15T17:18:10+08:00 ] 183.57.53.177 /phpmyadmin
INFO: [ app_init ] --START--
INFO: Run Behavior\BuildLiteBehavior [ RunTime:0.000178s ]
INFO: [ app_init ] --END-- [ RunTime:0.001393s ]
ERR: 无法加载模块:Phpmyadmin

[ 2017-02-15T21:12:56+08:00 ] 106.120.173.81 /User/User_EarnScore.asp
INFO: [ app_init ] --START--
INFO: Run Behavior\BuildLiteBehavior [ RunTime:0.000396s ]
INFO: [ app_init ] --END-- [ RunTime:0.002803s ]
ERR: 无法加载模块:User

[ 2017-02-15T22:03:08+08:00 ] 110.90.59.67 /favicon.ico
INFO: [ app_init ] --START--
INFO: Run Behavior\BuildLiteBehavior [ RunTime:0.000300s ]
INFO: [ app_init ] --END-- [ RunTime:0.001735s ]
ERR: 无法加载模块:Favicon

[ 2017-02-15T22:11:54+08:00 ] 61.151.226.199 //1.html?%2525252525252525252525252525201%252525252525252525252525253D2And%2525252525252525252525252525203%252525252525252525252525253D
INFO: [ app_init ] --START--
INFO: Run Behavior\BuildLiteBehavior [ RunTime:0.000189s ]
INFO: [ app_init ] --END-- [ RunTime:0.001644s ]
ERR: 无法加载模块:1

[ 2017-02-15T22:23:01+08:00 ] 80.82.78.38 http://www.baidu.com/cache/global/img/gs.gif
INFO: [ app_init ] --START--
INFO: Run Behavior\BuildLiteBehavior [ RunTime:0.000343s ]
INFO: [ app_init ] --END-- [ RunTime:0.002553s ]
ERR: 无法加载模块:Cache

