[ 2017-02-21T02:35:01+08:00 ] 101.226.68.197 //admin/privilege.php?act%25252525252525252525252525252525252525252525252525252525252525252525252525253Dlogin
INFO: [ app_init ] --START--
INFO: Run Behavior\BuildLiteBehavior [ RunTime:0.000394s ]
INFO: [ app_init ] --END-- [ RunTime:0.002923s ]
INFO: [ app_begin ] --START--
INFO: Run Behavior\ReadHtmlCacheBehavior [ RunTime:0.001420s ]
INFO: [ app_begin ] --END-- [ RunTime:0.002805s ]
ERR: 无法加载控制器:Privilege.php

[ 2017-02-21T05:06:50+08:00 ] 119.147.207.158 //admin/privilege.php?act%2525252525252525252525252525252525252525252525252525252525252525252525252525253Dlogin
INFO: [ app_init ] --START--
INFO: Run Behavior\BuildLiteBehavior [ RunTime:0.000310s ]
INFO: [ app_init ] --END-- [ RunTime:0.002301s ]
INFO: [ app_begin ] --START--
INFO: Run Behavior\ReadHtmlCacheBehavior [ RunTime:0.001253s ]
INFO: [ app_begin ] --END-- [ RunTime:0.002716s ]
ERR: 无法加载控制器:Privilege.php

[ 2017-02-21T05:06:59+08:00 ] 101.226.33.227 //admin/privilege.php?act%2525252525252525252525252525252525252525252525252525252525252525252525252525253Dlogin
INFO: [ app_init ] --START--
INFO: Run Behavior\BuildLiteBehavior [ RunTime:0.000279s ]
INFO: [ app_init ] --END-- [ RunTime:0.002159s ]
INFO: [ app_begin ] --START--
INFO: Run Behavior\ReadHtmlCacheBehavior [ RunTime:0.001069s ]
INFO: [ app_begin ] --END-- [ RunTime:0.002247s ]
ERR: 无法加载控制器:Privilege.php

[ 2017-02-21T07:58:12+08:00 ] 101.226.33.226 //admin/privilege.php?act%252525252525252525252525252525252525252525252525252525252525252525252525252525253Dlogin
INFO: [ app_init ] --START--
INFO: Run Behavior\BuildLiteBehavior [ RunTime:0.000334s ]
INFO: [ app_init ] --END-- [ RunTime:0.002567s ]
INFO: [ app_begin ] --START--
INFO: Run Behavior\ReadHtmlCacheBehavior [ RunTime:0.001086s ]
INFO: [ app_begin ] --END-- [ RunTime:0.002075s ]
ERR: 无法加载控制器:Privilege.php

