[ 2017-01-08T16:59:29+08:00 ] 127.0.0.1 /Admin/Product/index
INFO: [ app_init ] --START--
INFO: Run Behavior\BuildLiteBehavior [ RunTime:0.001000s ]
INFO: [ app_init ] --END-- [ RunTime:0.002000s ]
INFO: [ app_begin ] --START--
INFO: Run Behavior\ReadHtmlCacheBehavior [ RunTime:0.001000s ]
INFO: [ app_begin ] --END-- [ RunTime:0.002000s ]
SQL: SHOW COLUMNS FROM `menu` [ RunTime:0.0040s ]
SQL: SELECT * FROM `menu` WHERE `disabled` = 1 ORDER BY sort asc  [ RunTime:0.0010s ]
INFO: [ view_parse ] --START--
INFO: [ template_filter ] --START--
INFO: Run Behavior\ContentReplaceBehavior [ RunTime:0.000000s ]
INFO: [ template_filter ] --END-- [ RunTime:0.002000s ]
INFO: Run Behavior\ParseTemplateBehavior [ RunTime:0.052003s ]
INFO: [ view_parse ] --END-- [ RunTime:0.053003s ]
INFO: [ view_filter ] --START--
INFO: Run Behavior\WriteHtmlCacheBehavior [ RunTime:0.001000s ]
INFO: [ view_filter ] --END-- [ RunTime:0.002001s ]
INFO: [ app_end ] --START--
INFO: Run Behavior\ShowPageTraceBehavior [ RunTime:0.002000s ]
INFO: [ app_end ] --END-- [ RunTime:0.003000s ]

[ 2017-01-08T16:59:29+08:00 ] 127.0.0.1 /Admin/Product/met
INFO: [ app_init ] --START--
INFO: Run Behavior\BuildLiteBehavior [ RunTime:0.000000s ]
INFO: [ app_init ] --END-- [ RunTime:0.003000s ]
INFO: [ app_begin ] --START--
INFO: Run Behavior\ReadHtmlCacheBehavior [ RunTime:0.001001s ]
INFO: [ app_begin ] --END-- [ RunTime:0.003001s ]
SQL: SELECT * FROM `menu` WHERE `disabled` = 1 ORDER BY sort asc  [ RunTime:0.0000s ]
ERR: 非法操作:met

[ 2017-01-08T16:59:29+08:00 ] 127.0.0.1 /Admin/Product/getProductTypeList
INFO: [ app_init ] --START--
INFO: Run Behavior\BuildLiteBehavior [ RunTime:0.000000s ]
INFO: [ app_init ] --END-- [ RunTime:0.003000s ]
INFO: [ app_begin ] --START--
INFO: Run Behavior\ReadHtmlCacheBehavior [ RunTime:0.001000s ]
INFO: [ app_begin ] --END-- [ RunTime:0.003000s ]
SQL: SELECT * FROM `menu` WHERE `disabled` = 1 ORDER BY sort asc  [ RunTime:0.0000s ]
SQL: SHOW COLUMNS FROM `product_type` [ RunTime:0.0120s ]
SQL: SELECT * FROM `product_type`  [ RunTime:0.0010s ]

[ 2017-01-08T16:59:29+08:00 ] 127.0.0.1 /Admin/Product/getProductList
INFO: [ app_init ] --START--
INFO: Run Behavior\BuildLiteBehavior [ RunTime:0.000000s ]
INFO: [ app_init ] --END-- [ RunTime:0.003000s ]
INFO: [ app_begin ] --START--
INFO: Run Behavior\ReadHtmlCacheBehavior [ RunTime:0.002000s ]
INFO: [ app_begin ] --END-- [ RunTime:0.003000s ]
SQL: SELECT * FROM `menu` WHERE `disabled` = 1 ORDER BY sort asc  [ RunTime:0.0020s ]
NOTIC: [8] Undefined variable: map D:\WWW\met\Application\Admin\Controller\ProductController.class.php 第 26 行.
SQL: SHOW COLUMNS FROM `product` [ RunTime:0.0050s ]
SQL: SELECT COUNT(*) AS tp_count FROM `product` LIMIT 1   [ RunTime:0.0000s ]
SQL: SELECT * FROM `product` LIMIT 0,20   [ RunTime:0.0000s ]

[ 2017-01-08T16:59:30+08:00 ] 127.0.0.1 /Admin/Product/met
INFO: [ app_init ] --START--
INFO: Run Behavior\BuildLiteBehavior [ RunTime:0.000000s ]
INFO: [ app_init ] --END-- [ RunTime:0.002000s ]
INFO: [ app_begin ] --START--
INFO: Run Behavior\ReadHtmlCacheBehavior [ RunTime:0.001000s ]
INFO: [ app_begin ] --END-- [ RunTime:0.002000s ]
SQL: SELECT * FROM `menu` WHERE `disabled` = 1 ORDER BY sort asc  [ RunTime:0.0010s ]
ERR: 非法操作:met

[ 2017-01-08T16:59:43+08:00 ] 127.0.0.1 /Admin/Product/setProduct
INFO: [ app_init ] --START--
INFO: Run Behavior\BuildLiteBehavior [ RunTime:0.000000s ]
INFO: [ app_init ] --END-- [ RunTime:0.002000s ]
INFO: [ app_begin ] --START--
INFO: Run Behavior\ReadHtmlCacheBehavior [ RunTime:0.003000s ]
INFO: [ app_begin ] --END-- [ RunTime:0.004000s ]
SQL: SELECT * FROM `menu` WHERE `disabled` = 1 ORDER BY sort asc  [ RunTime:0.0010s ]
NOTIC: [8] Undefined index: goodPic D:\WWW\met\Application\Admin\Controller\ProductController.class.php 第 71 行.
SQL: UPDATE `product` SET `id`='1',`type`='乘用车',`name`='新逸动',`price`='5-11万',`sort`='255',`remark`='至臻至美的设计，让每根线条都将时尚与动感尽情演绎。新逸动时尚动感之美，饱满而极富张力，成就精彩，引领潮流新趋势，让魅力更近一步。' WHERE `id` = 1 [ RunTime:0.0130s ]

[ 2017-01-08T16:59:43+08:00 ] 127.0.0.1 /Admin/Product/getProductList
INFO: [ app_init ] --START--
INFO: Run Behavior\BuildLiteBehavior [ RunTime:0.000000s ]
INFO: [ app_init ] --END-- [ RunTime:0.002000s ]
INFO: [ app_begin ] --START--
INFO: Run Behavior\ReadHtmlCacheBehavior [ RunTime:0.001000s ]
INFO: [ app_begin ] --END-- [ RunTime:0.002000s ]
SQL: SELECT * FROM `menu` WHERE `disabled` = 1 ORDER BY sort asc  [ RunTime:0.0000s ]
NOTIC: [8] Undefined variable: map D:\WWW\met\Application\Admin\Controller\ProductController.class.php 第 26 行.
SQL: SELECT COUNT(*) AS tp_count FROM `product` LIMIT 1   [ RunTime:0.0000s ]
SQL: SELECT * FROM `product` LIMIT 0,20   [ RunTime:0.0000s ]

[ 2017-01-08T16:59:44+08:00 ] 127.0.0.1 /Admin/Product/met
INFO: [ app_init ] --START--
INFO: Run Behavior\BuildLiteBehavior [ RunTime:0.000000s ]
INFO: [ app_init ] --END-- [ RunTime:0.002000s ]
INFO: [ app_begin ] --START--
INFO: Run Behavior\ReadHtmlCacheBehavior [ RunTime:0.001000s ]
INFO: [ app_begin ] --END-- [ RunTime:0.002000s ]
SQL: SELECT * FROM `menu` WHERE `disabled` = 1 ORDER BY sort asc  [ RunTime:0.0010s ]
ERR: 非法操作:met

[ 2017-01-08T16:59:44+08:00 ] 127.0.0.1 /Admin/Product/met
INFO: [ app_init ] --START--
INFO: Run Behavior\BuildLiteBehavior [ RunTime:0.001000s ]
INFO: [ app_init ] --END-- [ RunTime:0.002001s ]
INFO: [ app_begin ] --START--
INFO: Run Behavior\ReadHtmlCacheBehavior [ RunTime:0.001000s ]
INFO: [ app_begin ] --END-- [ RunTime:0.002000s ]
SQL: SELECT * FROM `menu` WHERE `disabled` = 1 ORDER BY sort asc  [ RunTime:0.0010s ]
ERR: 非法操作:met

